<?xml version="1.0" encoding="UTF-8"?>
<!-- Generated by org.testng.reporters.JUnitXMLReporter -->
<testsuite hostname="LAPTOP-6OEIG7PG" ignored="9" name="Default test" tests="1" failures="0" timestamp="20 Oct 2021 14:58:15 GMT" time="69.198" errors="0">
  <testcase name="invalidProfileNameandPasswordVerification" time="55.279" classname="com.makemytrip.SignUpTest"/>
  <testcase name="verifySignUpButton" time="0.0" classname="com.makemytrip.SignUpTest">
    <ignored/>
  </testcase> <!-- verifySignUpButton -->
  <testcase name="otpPageElementVerificationUsingPhoneNo" time="0.0" classname="com.makemytrip.SignUpTest">
    <ignored/>
  </testcase> <!-- otpPageElementVerificationUsingPhoneNo -->
  <testcase name="invalidOtpVerification" time="0.0" classname="com.makemytrip.SignUpTest">
    <ignored/>
  </testcase> <!-- invalidOtpVerification -->
  <testcase name="invalidEmailVerification" time="0.0" classname="com.makemytrip.SignUpTest">
    <ignored/>
  </testcase> <!-- invalidEmailVerification -->
  <testcase name="validEmail" time="0.0" classname="com.makemytrip.SignUpTest">
    <ignored/>
  </testcase> <!-- validEmail -->
  <testcase name="blankEmailBoxVerification" time="0.0" classname="com.makemytrip.SignUpTest">
    <ignored/>
  </testcase> <!-- blankEmailBoxVerification -->
  <testcase name="signUpPageElementsVerification" time="0.0" classname="com.makemytrip.SignUpTest">
    <ignored/>
  </testcase> <!-- signUpPageElementsVerification -->
  <testcase name="otpPageElementVerificationUsingEmail" time="0.0" classname="com.makemytrip.SignUpTest">
    <ignored/>
  </testcase> <!-- otpPageElementVerificationUsingEmail -->
  <testcase name="verifyAndCreateAccButtonDisplay" time="0.0" classname="com.makemytrip.SignUpTest">
    <ignored/>
  </testcase> <!-- verifyAndCreateAccButtonDisplay -->
</testsuite> <!-- Default test -->
