<?xml version="1.0" encoding="UTF-8"?>
<testng-results skipped="0" failed="1" ignored="0" total="14" passed="13">
  <reporter-output>
    <line>
      <![CDATA[Setting up chrome withhttps://www.makemytrip.com/]]>
    </line>
    <line>
      <![CDATA[ScreenShots\invalidEmailPass.png]]>
    </line>
    <line>
      <![CDATA[ScreenShots\invalidMobileNumberPass.png]]>
    </line>
    <line>
      <![CDATA[ScreenShots\invalidPasswordPass.png]]>
    </line>
    <line>
      <![CDATA[ScreenShots\loginPagePass.png]]>
    </line>
    <line>
      <![CDATA[ScreenShots\loginSignupbtnPass.png]]>
    </line>
    <line>
      <![CDATA[ScreenShots\mimimumCharMessagePass.png]]>
    </line>
    <line>
      <![CDATA[ScreenShots\resetPasswordPass.png]]>
    </line>
    <line>
      <![CDATA[ScreenShots\validEmailIDPass.png]]>
    </line>
    <line>
      <![CDATA[ScreenShots\blankEmailPass.png]]>
    </line>
  </reporter-output>
  <suite name="Default suite" duration-ms="44549" started-at="2021-10-19T04:35:26Z" finished-at="2021-10-19T04:36:11Z">
    <groups>
    </groups>
    <test name="Default test" duration-ms="44549" started-at="2021-10-19T04:35:26Z" finished-at="2021-10-19T04:36:11Z">
      <class name="com.makemytrip.LoginTest">
        <test-method status="PASS" signature="setup()[pri:0, instance:com.makemytrip.LoginTest@add0edd]" name="setup" is-config="true" duration-ms="4896" started-at="2021-10-19T04:35:26Z" finished-at="2021-10-19T04:35:31Z">
          <reporter-output>
            <line>
              <![CDATA[Setting up chrome withhttps://www.makemytrip.com/]]>
            </line>
          </reporter-output>
        </test-method> <!-- setup -->
        <test-method status="PASS" signature="blankPasswordField()[pri:0, instance:com.makemytrip.LoginTest@add0edd]" name="blankPasswordField" duration-ms="3232" started-at="2021-10-19T04:35:31Z" finished-at="2021-10-19T04:35:34Z">
          <reporter-output>
          </reporter-output>
        </test-method> <!-- blankPasswordField -->
        <test-method status="PASS" signature="continueButtonDisplay()[pri:0, instance:com.makemytrip.LoginTest@add0edd]" name="continueButtonDisplay" duration-ms="2041" started-at="2021-10-19T04:35:34Z" finished-at="2021-10-19T04:35:37Z">
          <reporter-output>
          </reporter-output>
        </test-method> <!-- continueButtonDisplay -->
        <test-method status="PASS" signature="invalidEmail()[pri:0, instance:com.makemytrip.LoginTest@add0edd]" name="invalidEmail" duration-ms="3536" started-at="2021-10-19T04:35:37Z" finished-at="2021-10-19T04:35:40Z">
          <reporter-output>
            <line>
              <![CDATA[ScreenShots\invalidEmailPass.png]]>
            </line>
          </reporter-output>
        </test-method> <!-- invalidEmail -->
        <test-method status="PASS" signature="invalidMobileNumber()[pri:0, instance:com.makemytrip.LoginTest@add0edd]" name="invalidMobileNumber" duration-ms="3951" started-at="2021-10-19T04:35:40Z" finished-at="2021-10-19T04:35:44Z">
          <reporter-output>
            <line>
              <![CDATA[ScreenShots\invalidMobileNumberPass.png]]>
            </line>
          </reporter-output>
        </test-method> <!-- invalidMobileNumber -->
        <test-method status="PASS" signature="invalidPassword()[pri:0, instance:com.makemytrip.LoginTest@add0edd]" name="invalidPassword" duration-ms="5115" started-at="2021-10-19T04:35:44Z" finished-at="2021-10-19T04:35:49Z">
          <reporter-output>
            <line>
              <![CDATA[ScreenShots\invalidPasswordPass.png]]>
            </line>
          </reporter-output>
        </test-method> <!-- invalidPassword -->
        <test-method status="PASS" signature="loginButton()[pri:0, instance:com.makemytrip.LoginTest@add0edd]" name="loginButton" duration-ms="24" started-at="2021-10-19T04:35:49Z" finished-at="2021-10-19T04:35:49Z">
          <reporter-output>
          </reporter-output>
        </test-method> <!-- loginButton -->
        <test-method status="PASS" signature="loginPage()[pri:0, instance:com.makemytrip.LoginTest@add0edd]" name="loginPage" duration-ms="1746" started-at="2021-10-19T04:35:49Z" finished-at="2021-10-19T04:35:51Z">
          <reporter-output>
            <line>
              <![CDATA[ScreenShots\loginPagePass.png]]>
            </line>
          </reporter-output>
        </test-method> <!-- loginPage -->
        <test-method status="FAIL" signature="loginSignupbtn()[pri:0, instance:com.makemytrip.LoginTest@add0edd]" name="loginSignupbtn" duration-ms="243" started-at="2021-10-19T04:35:51Z" finished-at="2021-10-19T04:35:51Z">
          <exception class="java.lang.AssertionError">
            <message>
              <![CDATA[expected [true] but found [false]]]>
            </message>
            <full-stacktrace>
              <![CDATA[java.lang.AssertionError: expected [true] but found [false]
at org.testng.Assert.fail(Assert.java:96)
at org.testng.Assert.failNotEquals(Assert.java:776)
at org.testng.Assert.assertTrue(Assert.java:44)
at org.testng.Assert.assertTrue(Assert.java:54)
at com.makemytrip.LoginTest.loginSignupbtn(LoginTest.java:23)
at sun.reflect.NativeMethodAccessorImpl.invoke0(Native Method)
at sun.reflect.NativeMethodAccessorImpl.invoke(NativeMethodAccessorImpl.java:62)
at sun.reflect.DelegatingMethodAccessorImpl.invoke(DelegatingMethodAccessorImpl.java:43)
at java.lang.reflect.Method.invoke(Method.java:498)
at org.testng.internal.MethodInvocationHelper.invokeMethod(MethodInvocationHelper.java:124)
at org.testng.internal.Invoker.invokeMethod(Invoker.java:583)
at org.testng.internal.Invoker.invokeTestMethod(Invoker.java:719)
at org.testng.internal.Invoker.invokeTestMethods(Invoker.java:989)
at org.testng.internal.TestMethodWorker.invokeTestMethods(TestMethodWorker.java:125)
at org.testng.internal.TestMethodWorker.run(TestMethodWorker.java:109)
at org.testng.TestRunner.privateRun(TestRunner.java:648)
at org.testng.TestRunner.run(TestRunner.java:505)
at org.testng.SuiteRunner.runTest(SuiteRunner.java:455)
at org.testng.SuiteRunner.runSequentially(SuiteRunner.java:450)
at org.testng.SuiteRunner.privateRun(SuiteRunner.java:415)
at org.testng.SuiteRunner.run(SuiteRunner.java:364)
at org.testng.SuiteRunnerWorker.runSuite(SuiteRunnerWorker.java:52)
at org.testng.SuiteRunnerWorker.run(SuiteRunnerWorker.java:84)
at org.testng.TestNG.runSuitesSequentially(TestNG.java:1208)
at org.testng.TestNG.runSuitesLocally(TestNG.java:1137)
at org.testng.TestNG.runSuites(TestNG.java:1049)
at org.testng.TestNG.run(TestNG.java:1017)
at org.testng.remote.AbstractRemoteTestNG.run(AbstractRemoteTestNG.java:115)
at org.testng.remote.RemoteTestNG.initAndRun(RemoteTestNG.java:251)
at org.testng.remote.RemoteTestNG.main(RemoteTestNG.java:77)
]]>
            </full-stacktrace>
          </exception> <!-- java.lang.AssertionError -->
          <reporter-output>
            <line>
              <![CDATA[ScreenShots\loginSignupbtnPass.png]]>
            </line>
          </reporter-output>
        </test-method> <!-- loginSignupbtn -->
        <test-method status="PASS" signature="mimimumCharMessage()[pri:0, instance:com.makemytrip.LoginTest@add0edd]" name="mimimumCharMessage" duration-ms="3416" started-at="2021-10-19T04:35:51Z" finished-at="2021-10-19T04:35:55Z">
          <reporter-output>
            <line>
              <![CDATA[ScreenShots\mimimumCharMessagePass.png]]>
            </line>
          </reporter-output>
        </test-method> <!-- mimimumCharMessage -->
        <test-method status="PASS" signature="resetPassword()[pri:0, instance:com.makemytrip.LoginTest@add0edd]" name="resetPassword" duration-ms="3483" started-at="2021-10-19T04:35:55Z" finished-at="2021-10-19T04:35:58Z">
          <reporter-output>
            <line>
              <![CDATA[ScreenShots\resetPasswordPass.png]]>
            </line>
          </reporter-output>
        </test-method> <!-- resetPassword -->
        <test-method status="PASS" signature="validEmailID()[pri:0, instance:com.makemytrip.LoginTest@add0edd]" name="validEmailID" duration-ms="2468" started-at="2021-10-19T04:35:58Z" finished-at="2021-10-19T04:36:01Z">
          <reporter-output>
            <line>
              <![CDATA[ScreenShots\validEmailIDPass.png]]>
            </line>
          </reporter-output>
        </test-method> <!-- validEmailID -->
        <test-method status="PASS" signature="validMobileNumber()[pri:0, instance:com.makemytrip.LoginTest@add0edd]" name="validMobileNumber" duration-ms="2048" started-at="2021-10-19T04:36:01Z" finished-at="2021-10-19T04:36:03Z">
          <reporter-output>
          </reporter-output>
        </test-method> <!-- validMobileNumber -->
        <test-method status="PASS" signature="validPassword()[pri:0, instance:com.makemytrip.LoginTest@add0edd]" name="validPassword" duration-ms="3475" started-at="2021-10-19T04:36:03Z" finished-at="2021-10-19T04:36:06Z">
          <reporter-output>
          </reporter-output>
        </test-method> <!-- validPassword -->
        <test-method status="PASS" signature="blankEmail()[pri:1, instance:com.makemytrip.LoginTest@add0edd]" name="blankEmail" duration-ms="2004" started-at="2021-10-19T04:36:06Z" finished-at="2021-10-19T04:36:08Z">
          <reporter-output>
            <line>
              <![CDATA[ScreenShots\blankEmailPass.png]]>
            </line>
          </reporter-output>
        </test-method> <!-- blankEmail -->
        <test-method status="PASS" signature="afterMethod()[pri:0, instance:com.makemytrip.LoginTest@add0edd]" name="afterMethod" is-config="true" duration-ms="2810" started-at="2021-10-19T04:36:08Z" finished-at="2021-10-19T04:36:11Z">
          <reporter-output>
          </reporter-output>
        </test-method> <!-- afterMethod -->
      </class> <!-- com.makemytrip.LoginTest -->
    </test> <!-- Default test -->
  </suite> <!-- Default suite -->
</testng-results>
