<?xml version="1.0" encoding="UTF-8"?>
<testng-results skipped="0" failed="0" ignored="9" total="10" passed="1">
  <reporter-output>
    <line>
      <![CDATA[Setting up chrome withhttps://www.makemytrip.com/]]>
    </line>
  </reporter-output>
  <suite name="Default suite" duration-ms="69198" started-at="2021-10-20T14:57:05Z" finished-at="2021-10-20T14:58:15Z">
    <groups>
    </groups>
    <test name="Default test" duration-ms="69198" started-at="2021-10-20T14:57:05Z" finished-at="2021-10-20T14:58:15Z">
      <class name="com.makemytrip.SignUpTest">
        <test-method status="PASS" signature="setUp()[pri:0, instance:com.makemytrip.SignUpTest@10e92f8f]" name="setUp" is-config="true" duration-ms="10667" started-at="2021-10-20T14:57:05Z" finished-at="2021-10-20T14:57:16Z">
          <reporter-output>
            <line>
              <![CDATA[Setting up chrome withhttps://www.makemytrip.com/]]>
            </line>
          </reporter-output>
        </test-method> <!-- setUp -->
        <test-method status="PASS" signature="invalidProfileNameandPasswordVerification()[pri:9, instance:com.makemytrip.SignUpTest@10e92f8f]" name="invalidProfileNameandPasswordVerification" duration-ms="55279" started-at="2021-10-20T14:57:16Z" finished-at="2021-10-20T14:58:11Z">
          <reporter-output>
          </reporter-output>
        </test-method> <!-- invalidProfileNameandPasswordVerification -->
        <test-method status="PASS" signature="tearDown()[pri:0, instance:com.makemytrip.SignUpTest@10e92f8f]" name="tearDown" is-config="true" duration-ms="3137" started-at="2021-10-20T14:58:12Z" finished-at="2021-10-20T14:58:15Z">
          <reporter-output>
          </reporter-output>
        </test-method> <!-- tearDown -->
      </class> <!-- com.makemytrip.SignUpTest -->
    </test> <!-- Default test -->
  </suite> <!-- Default suite -->
</testng-results>
